stdio    D         file_stdio.c:110  file_stdio_fopen                 [   0.00000] opening C:\Users\Usuario\Desktop\N-Puzzle\N_Puzzle\x64\Debug\allegro5.cfg r
system   D            wsystem.c:799  maybe_parent_dir                 [   0.00000] Also searching C:\Users\Usuario\Desktop\N-Puzzle\N_Puzzle\x64\
system   D            wsystem.c:854  _al_win_safe_load_library        [   0.00000] PathFindOnPath found: C:\WINDOWS\system32\shcore.dll
system   D            wsystem.c:760  load_library_at_path             [   0.00000] Calling LoadLibrary C:\WINDOWS\system32\shcore.dll
system   I            wsystem.c:763  load_library_at_path             [   0.00000] Loaded C:\WINDOWS\system32\shcore.dll
system   I             system.c:267  al_install_system                [   0.00000] Allegro version: 5.2.6
audio-dsound I           dsound.cpp:271  _dsound_open                     [   0.00061] Starting DirectSound...
audio-dsound D           dsound.cpp:280  _dsound_open                     [   0.03475] DirectSoundCreate8 succeeded
audio-dsound I           dsound.cpp:73   get_window                       [   0.03484] Using desktop window: 0000000000010010
audio    I              audio.c:347  do_install_audio                 [   0.03502] Using DirectSound driver
system   D            wsystem.c:799  maybe_parent_dir                 [   0.03538] Also searching C:\Users\Usuario\Desktop\N-Puzzle\N_Puzzle\x64\
system   D            wsystem.c:854  _al_win_safe_load_library        [   0.03563] PathFindOnPath found: C:\WINDOWS\system32\d3d9.dll
system   D            wsystem.c:760  load_library_at_path             [   0.03568] Calling LoadLibrary C:\WINDOWS\system32\d3d9.dll
system   I            wsystem.c:763  load_library_at_path             [   0.03736] Loaded C:\WINDOWS\system32\d3d9.dll
d3d      I         d3d_disp.cpp:684  d3d_init_display                 [   0.04960] Render-to-texture: 1
d3d      I         d3d_disp.cpp:1778 d3d_create_display_locked        [   0.05052] faux_fullscreen=0
d3d      D         d3d_disp.cpp:1779 d3d_create_display_locked        [   0.05062] al_display=000001AE54E1F240
d3d      D         d3d_disp.cpp:1780 d3d_create_display_locked        [   0.05067] al_display->vt=000001AE54E1F090
d3d      I d3d_display_formats.cpp:144  _al_d3d_generate_display_format_list [   0.05701] found 288 format combinations
display  D   display_settings.c:212  debug_display_settings           [   0.05712] color: 32 (rgba 8880), depth: 0, stencil: 0, acc: 0000, samples: 0/0
display  D   display_settings.c:527  _al_score_display_settings       [   0.05720] Score is : 897
display  D   display_settings.c:212  debug_display_settings           [   0.05726] color: 32 (rgba 8880), depth: 0, stencil: 0, acc: 0000, samples: 0/0
display  D   display_settings.c:527  _al_score_display_settings       [   0.05733] Score is : 897
display  D   display_settings.c:212  debug_display_settings           [   0.05738] color: 32 (rgba 8880), depth: 0, stencil: 0, acc: 0000, samples: 2/1
display  D   display_settings.c:527  _al_score_display_settings       [   0.05784] Score is : 726
display  D   display_settings.c:212  debug_display_settings           [   0.05791] color: 32 (rgba 8880), depth: 0, stencil: 0, acc: 0000, samples: 3/1
display  D   display_settings.c:527  _al_score_display_settings       [   0.05798] Score is : 721
display  D   display_settings.c:212  debug_display_settings           [   0.05804] color: 32 (rgba 8880), depth: 0, stencil: 0, acc: 0000, samples: 4/1
display  D   display_settings.c:527  _al_score_display_settings       [   0.05811] Score is : 717
display  D   display_settings.c:212  debug_display_settings           [   0.05816] color: 32 (rgba 8880), depth: 0, stencil: 0, acc: 0000, samples: 5/1
display  D   display_settings.c:527  _al_score_display_settings       [   0.05823] Score is : 715
display  D   display_settings.c:212  debug_display_settings           [   0.05829] color: 32 (rgba 8880), depth: 0, stencil: 0, acc: 0000, samples: 6/1
display  D   display_settings.c:527  _al_score_display_settings       [   0.05835] Score is : 714
display  D   display_settings.c:212  debug_display_settings           [   0.05847] color: 32 (rgba 8880), depth: 0, stencil: 0, acc: 0000, samples: 7/1
display  D   display_settings.c:527  _al_score_display_settings       [   0.05854] Score is : 713
display  D   display_settings.c:212  debug_display_settings           [   0.05859] color: 32 (rgba 8880), depth: 0, stencil: 0, acc: 0000, samples: 8/1
display  D   display_settings.c:527  _al_score_display_settings       [   0.05883] Score is : 712
display  D   display_settings.c:212  debug_display_settings           [   0.05961] color: 32 (rgba 8880), depth: 24, stencil: 8, acc: 0000, samples: 0/0
display  D   display_settings.c:527  _al_score_display_settings       [   0.05970] Score is : 897
display  D   display_settings.c:212  debug_display_settings           [   0.05975] color: 32 (rgba 8880), depth: 24, stencil: 8, acc: 0000, samples: 0/0
display  D   display_settings.c:527  _al_score_display_settings       [   0.05982] Score is : 897
display  D   display_settings.c:212  debug_display_settings           [   0.05987] color: 32 (rgba 8880), depth: 24, stencil: 8, acc: 0000, samples: 2/1
display  D   display_settings.c:527  _al_score_display_settings       [   0.05994] Score is : 726
display  D   display_settings.c:212  debug_display_settings           [   0.05999] color: 32 (rgba 8880), depth: 24, stencil: 8, acc: 0000, samples: 3/1
display  D   display_settings.c:527  _al_score_display_settings       [   0.06006] Score is : 721
display  D   display_settings.c:212  debug_display_settings           [   0.06011] color: 32 (rgba 8880), depth: 24, stencil: 8, acc: 0000, samples: 4/1
display  D   display_settings.c:527  _al_score_display_settings       [   0.06018] Score is : 717
display  D   display_settings.c:212  debug_display_settings           [   0.06023] color: 32 (rgba 8880), depth: 24, stencil: 8, acc: 0000, samples: 5/1
display  D   display_settings.c:527  _al_score_display_settings       [   0.06029] Score is : 715
display  D   display_settings.c:212  debug_display_settings           [   0.06034] color: 32 (rgba 8880), depth: 24, stencil: 8, acc: 0000, samples: 6/1
display  D   display_settings.c:527  _al_score_display_settings       [   0.06040] Score is : 714
display  D   display_settings.c:212  debug_display_settings           [   0.06045] color: 32 (rgba 8880), depth: 24, stencil: 8, acc: 0000, samples: 7/1
display  D   display_settings.c:527  _al_score_display_settings       [   0.06052] Score is : 713
display  D   display_settings.c:212  debug_display_settings           [   0.06057] color: 32 (rgba 8880), depth: 24, stencil: 8, acc: 0000, samples: 8/1
display  D   display_settings.c:527  _al_score_display_settings       [   0.06086] Score is : 712
display  D   display_settings.c:212  debug_display_settings           [   0.06093] color: 32 (rgba 8880), depth: 24, stencil: 0, acc: 0000, samples: 0/0
display  D   display_settings.c:527  _al_score_display_settings       [   0.06100] Score is : 897
display  D   display_settings.c:212  debug_display_settings           [   0.06105] color: 32 (rgba 8880), depth: 24, stencil: 0, acc: 0000, samples: 0/0
display  D   display_settings.c:527  _al_score_display_settings       [   0.06112] Score is : 897
display  D   display_settings.c:212  debug_display_settings           [   0.06117] color: 32 (rgba 8880), depth: 24, stencil: 0, acc: 0000, samples: 2/1
display  D   display_settings.c:527  _al_score_display_settings       [   0.06124] Score is : 726
display  D   display_settings.c:212  debug_display_settings           [   0.06129] color: 32 (rgba 8880), depth: 24, stencil: 0, acc: 0000, samples: 3/1
display  D   display_settings.c:527  _al_score_display_settings       [   0.06136] Score is : 721
display  D   display_settings.c:212  debug_display_settings           [   0.06141] color: 32 (rgba 8880), depth: 24, stencil: 0, acc: 0000, samples: 4/1
display  D   display_settings.c:527  _al_score_display_settings       [   0.06147] Score is : 717
display  D   display_settings.c:212  debug_display_settings           [   0.06152] color: 32 (rgba 8880), depth: 24, stencil: 0, acc: 0000, samples: 5/1
display  D   display_settings.c:527  _al_score_display_settings       [   0.06167] Score is : 715
display  D   display_settings.c:212  debug_display_settings           [   0.06173] color: 32 (rgba 8880), depth: 24, stencil: 0, acc: 0000, samples: 6/1
display  D   display_settings.c:527  _al_score_display_settings       [   0.06180] Score is : 714
display  D   display_settings.c:212  debug_display_settings           [   0.06186] color: 32 (rgba 8880), depth: 24, stencil: 0, acc: 0000, samples: 7/1
display  D   display_settings.c:527  _al_score_display_settings       [   0.06192] Score is : 713
display  D   display_settings.c:212  debug_display_settings           [   0.06198] color: 32 (rgba 8880), depth: 24, stencil: 0, acc: 0000, samples: 8/1
display  D   display_settings.c:527  _al_score_display_settings       [   0.06204] Score is : 712
display  D   display_settings.c:212  debug_display_settings           [   0.06209] color: 32 (rgba 8880), depth: 16, stencil: 0, acc: 0000, samples: 0/0
display  D   display_settings.c:527  _al_score_display_settings       [   0.06216] Score is : 897
display  D   display_settings.c:212  debug_display_settings           [   0.06243] color: 32 (rgba 8880), depth: 16, stencil: 0, acc: 0000, samples: 0/0
display  D   display_settings.c:527  _al_score_display_settings       [   0.06260] Score is : 897
display  D   display_settings.c:212  debug_display_settings           [   0.06267] color: 32 (rgba 8880), depth: 16, stencil: 0, acc: 0000, samples: 2/1
display  D   display_settings.c:527  _al_score_display_settings       [   0.06274] Score is : 726
display  D   display_settings.c:212  debug_display_settings           [   0.06279] color: 32 (rgba 8880), depth: 16, stencil: 0, acc: 0000, samples: 3/1
display  D   display_settings.c:527  _al_score_display_settings       [   0.06286] Score is : 721
display  D   display_settings.c:212  debug_display_settings           [   0.06292] color: 32 (rgba 8880), depth: 16, stencil: 0, acc: 0000, samples: 4/1
display  D   display_settings.c:527  _al_score_display_settings       [   0.06299] Score is : 717
display  D   display_settings.c:212  debug_display_settings           [   0.06304] color: 32 (rgba 8880), depth: 16, stencil: 0, acc: 0000, samples: 5/1
display  D   display_settings.c:527  _al_score_display_settings       [   0.06310] Score is : 715
display  D   display_settings.c:212  debug_display_settings           [   0.06314] color: 32 (rgba 8880), depth: 16, stencil: 0, acc: 0000, samples: 6/1
display  D   display_settings.c:527  _al_score_display_settings       [   0.06320] Score is : 714
display  D   display_settings.c:212  debug_display_settings           [   0.06326] color: 32 (rgba 8880), depth: 16, stencil: 0, acc: 0000, samples: 7/1
display  D   display_settings.c:527  _al_score_display_settings       [   0.06334] Score is : 713
display  D   display_settings.c:212  debug_display_settings           [   0.06339] color: 32 (rgba 8880), depth: 16, stencil: 0, acc: 0000, samples: 8/1
display  D   display_settings.c:527  _al_score_display_settings       [   0.06343] Score is : 712
display  D   display_settings.c:212  debug_display_settings           [   0.06346] color: 16 (rgba 5650), depth: 0, stencil: 0, acc: 0000, samples: 0/0
display  D   display_settings.c:527  _al_score_display_settings       [   0.06350] Score is : 897
display  D   display_settings.c:212  debug_display_settings           [   0.06353] color: 16 (rgba 5650), depth: 0, stencil: 0, acc: 0000, samples: 0/0
display  D   display_settings.c:527  _al_score_display_settings       [   0.06357] Score is : 897
display  D   display_settings.c:212  debug_display_settings           [   0.06360] color: 16 (rgba 5650), depth: 0, stencil: 0, acc: 0000, samples: 2/1
display  D   display_settings.c:527  _al_score_display_settings       [   0.06364] Score is : 726
display  D   display_settings.c:212  debug_display_settings           [   0.06368] color: 16 (rgba 5650), depth: 0, stencil: 0, acc: 0000, samples: 3/1
display  D   display_settings.c:527  _al_score_display_settings       [   0.06372] Score is : 721
display  D   display_settings.c:212  debug_display_settings           [   0.06376] color: 16 (rgba 5650), depth: 0, stencil: 0, acc: 0000, samples: 4/1
display  D   display_settings.c:527  _al_score_display_settings       [   0.06379] Score is : 717
display  D   display_settings.c:212  debug_display_settings           [   0.06383] color: 16 (rgba 5650), depth: 0, stencil: 0, acc: 0000, samples: 5/1
display  D   display_settings.c:527  _al_score_display_settings       [   0.06386] Score is : 715
display  D   display_settings.c:212  debug_display_settings           [   0.06390] color: 16 (rgba 5650), depth: 0, stencil: 0, acc: 0000, samples: 6/1
display  D   display_settings.c:527  _al_score_display_settings       [   0.06393] Score is : 714
display  D   display_settings.c:212  debug_display_settings           [   0.06397] color: 16 (rgba 5650), depth: 0, stencil: 0, acc: 0000, samples: 7/1
display  D   display_settings.c:527  _al_score_display_settings       [   0.06400] Score is : 713
display  D   display_settings.c:212  debug_display_settings           [   0.06404] color: 16 (rgba 5650), depth: 0, stencil: 0, acc: 0000, samples: 8/1
display  D   display_settings.c:527  _al_score_display_settings       [   0.06407] Score is : 712
display  D   display_settings.c:212  debug_display_settings           [   0.06410] color: 16 (rgba 5650), depth: 24, stencil: 8, acc: 0000, samples: 0/0
display  D   display_settings.c:527  _al_score_display_settings       [   0.06414] Score is : 897
display  D   display_settings.c:212  debug_display_settings           [   0.06417] color: 16 (rgba 5650), depth: 24, stencil: 8, acc: 0000, samples: 0/0
display  D   display_settings.c:527  _al_score_display_settings       [   0.06421] Score is : 897
display  D   display_settings.c:212  debug_display_settings           [   0.06424] color: 16 (rgba 5650), depth: 24, stencil: 8, acc: 0000, samples: 2/1
display  D   display_settings.c:527  _al_score_display_settings       [   0.06428] Score is : 726
display  D   display_settings.c:212  debug_display_settings           [   0.06431] color: 16 (rgba 5650), depth: 24, stencil: 8, acc: 0000, samples: 3/1
display  D   display_settings.c:527  _al_score_display_settings       [   0.06435] Score is : 721
display  D   display_settings.c:212  debug_display_settings           [   0.06438] color: 16 (rgba 5650), depth: 24, stencil: 8, acc: 0000, samples: 4/1
display  D   display_settings.c:527  _al_score_display_settings       [   0.06442] Score is : 717
display  D   display_settings.c:212  debug_display_settings           [   0.06445] color: 16 (rgba 5650), depth: 24, stencil: 8, acc: 0000, samples: 5/1
display  D   display_settings.c:527  _al_score_display_settings       [   0.06449] Score is : 715
display  D   display_settings.c:212  debug_display_settings           [   0.06452] color: 16 (rgba 5650), depth: 24, stencil: 8, acc: 0000, samples: 6/1
display  D   display_settings.c:527  _al_score_display_settings       [   0.06456] Score is : 714
display  D   display_settings.c:212  debug_display_settings           [   0.06459] color: 16 (rgba 5650), depth: 24, stencil: 8, acc: 0000, samples: 7/1
display  D   display_settings.c:527  _al_score_display_settings       [   0.06464] Score is : 713
display  D   display_settings.c:212  debug_display_settings           [   0.06467] color: 16 (rgba 5650), depth: 24, stencil: 8, acc: 0000, samples: 8/1
display  D   display_settings.c:527  _al_score_display_settings       [   0.06471] Score is : 712
display  D   display_settings.c:212  debug_display_settings           [   0.06474] color: 16 (rgba 5650), depth: 24, stencil: 0, acc: 0000, samples: 0/0
display  D   display_settings.c:527  _al_score_display_settings       [   0.06478] Score is : 897
display  D   display_settings.c:212  debug_display_settings           [   0.06481] color: 16 (rgba 5650), depth: 24, stencil: 0, acc: 0000, samples: 0/0
display  D   display_settings.c:527  _al_score_display_settings       [   0.06490] Score is : 897
display  D   display_settings.c:212  debug_display_settings           [   0.06494] color: 16 (rgba 5650), depth: 24, stencil: 0, acc: 0000, samples: 2/1
display  D   display_settings.c:527  _al_score_display_settings       [   0.06498] Score is : 726
display  D   display_settings.c:212  debug_display_settings           [   0.06501] color: 16 (rgba 5650), depth: 24, stencil: 0, acc: 0000, samples: 3/1
display  D   display_settings.c:527  _al_score_display_settings       [   0.06505] Score is : 721
display  D   display_settings.c:212  debug_display_settings           [   0.06508] color: 16 (rgba 5650), depth: 24, stencil: 0, acc: 0000, samples: 4/1
display  D   display_settings.c:527  _al_score_display_settings       [   0.06512] Score is : 717
display  D   display_settings.c:212  debug_display_settings           [   0.06515] color: 16 (rgba 5650), depth: 24, stencil: 0, acc: 0000, samples: 5/1
display  D   display_settings.c:527  _al_score_display_settings       [   0.06519] Score is : 715
display  D   display_settings.c:212  debug_display_settings           [   0.06522] color: 16 (rgba 5650), depth: 24, stencil: 0, acc: 0000, samples: 6/1
display  D   display_settings.c:527  _al_score_display_settings       [   0.06526] Score is : 714
display  D   display_settings.c:212  debug_display_settings           [   0.06529] color: 16 (rgba 5650), depth: 24, stencil: 0, acc: 0000, samples: 7/1
display  D   display_settings.c:527  _al_score_display_settings       [   0.06533] Score is : 713
display  D   display_settings.c:212  debug_display_settings           [   0.06536] color: 16 (rgba 5650), depth: 24, stencil: 0, acc: 0000, samples: 8/1
display  D   display_settings.c:527  _al_score_display_settings       [   0.06540] Score is : 712
display  D   display_settings.c:212  debug_display_settings           [   0.06543] color: 16 (rgba 5650), depth: 16, stencil: 0, acc: 0000, samples: 0/0
display  D   display_settings.c:527  _al_score_display_settings       [   0.06547] Score is : 897
display  D   display_settings.c:212  debug_display_settings           [   0.06550] color: 16 (rgba 5650), depth: 16, stencil: 0, acc: 0000, samples: 0/0
display  D   display_settings.c:527  _al_score_display_settings       [   0.06553] Score is : 897
display  D   display_settings.c:212  debug_display_settings           [   0.06557] color: 16 (rgba 5650), depth: 16, stencil: 0, acc: 0000, samples: 2/1
display  D   display_settings.c:527  _al_score_display_settings       [   0.06560] Score is : 726
display  D   display_settings.c:212  debug_display_settings           [   0.06564] color: 16 (rgba 5650), depth: 16, stencil: 0, acc: 0000, samples: 3/1
display  D   display_settings.c:527  _al_score_display_settings       [   0.06568] Score is : 721
display  D   display_settings.c:212  debug_display_settings           [   0.06571] color: 16 (rgba 5650), depth: 16, stencil: 0, acc: 0000, samples: 4/1
display  D   display_settings.c:527  _al_score_display_settings       [   0.06575] Score is : 717
display  D   display_settings.c:212  debug_display_settings           [   0.06578] color: 16 (rgba 5650), depth: 16, stencil: 0, acc: 0000, samples: 5/1
display  D   display_settings.c:527  _al_score_display_settings       [   0.06582] Score is : 715
display  D   display_settings.c:212  debug_display_settings           [   0.06585] color: 16 (rgba 5650), depth: 16, stencil: 0, acc: 0000, samples: 6/1
display  D   display_settings.c:527  _al_score_display_settings       [   0.06589] Score is : 714
display  D   display_settings.c:212  debug_display_settings           [   0.06592] color: 16 (rgba 5650), depth: 16, stencil: 0, acc: 0000, samples: 7/1
display  D   display_settings.c:527  _al_score_display_settings       [   0.06596] Score is : 713
display  D   display_settings.c:212  debug_display_settings           [   0.06599] color: 16 (rgba 5650), depth: 16, stencil: 0, acc: 0000, samples: 8/1
display  D   display_settings.c:527  _al_score_display_settings       [   0.06603] Score is : 712
display  D   display_settings.c:212  debug_display_settings           [   0.06606] color: 32 (rgba 8880), depth: 0, stencil: 0, acc: 0000, samples: 0/0
display  D   display_settings.c:398  _al_score_display_settings       [   0.06610] Single Buffer requirement not met.
display  D   display_settings.c:212  debug_display_settings           [   0.06613] color: 32 (rgba 8880), depth: 0, stencil: 0, acc: 0000, samples: 0/0
display  D   display_settings.c:398  _al_score_display_settings       [   0.06617] Single Buffer requirement not met.
display  D   display_settings.c:212  debug_display_settings           [   0.06620] color: 32 (rgba 8880), depth: 0, stencil: 0, acc: 0000, samples: 2/1
display  D   display_settings.c:398  _al_score_display_settings       [   0.06624] Single Buffer requirement not met.
display  D   display_settings.c:212  debug_display_settings           [   0.06628] color: 32 (rgba 8880), depth: 0, stencil: 0, acc: 0000, samples: 3/1
display  D   display_settings.c:398  _al_score_display_settings       [   0.06631] Single Buffer requirement not met.
display  D   display_settings.c:212  debug_display_settings           [   0.06635] color: 32 (rgba 8880), depth: 0, stencil: 0, acc: 0000, samples: 4/1
display  D   display_settings.c:398  _al_score_display_settings       [   0.06638] Single Buffer requirement not met.
display  D   display_settings.c:212  debug_display_settings           [   0.06642] color: 32 (rgba 8880), depth: 0, stencil: 0, acc: 0000, samples: 5/1
display  D   display_settings.c:398  _al_score_display_settings       [   0.06645] Single Buffer requirement not met.
display  D   display_settings.c:212  debug_display_settings           [   0.06649] color: 32 (rgba 8880), depth: 0, stencil: 0, acc: 0000, samples: 6/1
display  D   display_settings.c:398  _al_score_display_settings       [   0.06652] Single Buffer requirement not met.
display  D   display_settings.c:212  debug_display_settings           [   0.06656] color: 32 (rgba 8880), depth: 0, stencil: 0, acc: 0000, samples: 7/1
display  D   display_settings.c:398  _al_score_display_settings       [   0.06659] Single Buffer requirement not met.
display  D   display_settings.c:212  debug_display_settings           [   0.06663] color: 32 (rgba 8880), depth: 0, stencil: 0, acc: 0000, samples: 8/1
display  D   display_settings.c:398  _al_score_display_settings       [   0.06667] Single Buffer requirement not met.
display  D   display_settings.c:212  debug_display_settings           [   0.06670] color: 32 (rgba 8880), depth: 24, stencil: 8, acc: 0000, samples: 0/0
display  D   display_settings.c:398  _al_score_display_settings       [   0.06674] Single Buffer requirement not met.
display  D   display_settings.c:212  debug_display_settings           [   0.06677] color: 32 (rgba 8880), depth: 24, stencil: 8, acc: 0000, samples: 0/0
display  D   display_settings.c:398  _al_score_display_settings       [   0.06681] Single Buffer requirement not met.
display  D   display_settings.c:212  debug_display_settings           [   0.06684] color: 32 (rgba 8880), depth: 24, stencil: 8, acc: 0000, samples: 2/1
display  D   display_settings.c:398  _al_score_display_settings       [   0.06688] Single Buffer requirement not met.
display  D   display_settings.c:212  debug_display_settings           [   0.06691] color: 32 (rgba 8880), depth: 24, stencil: 8, acc: 0000, samples: 3/1
display  D   display_settings.c:398  _al_score_display_settings       [   0.06695] Single Buffer requirement not met.
display  D   display_settings.c:212  debug_display_settings           [   0.06698] color: 32 (rgba 8880), depth: 24, stencil: 8, acc: 0000, samples: 4/1
display  D   display_settings.c:398  _al_score_display_settings       [   0.06702] Single Buffer requirement not met.
display  D   display_settings.c:212  debug_display_settings           [   0.06705] color: 32 (rgba 8880), depth: 24, stencil: 8, acc: 0000, samples: 5/1
display  D   display_settings.c:398  _al_score_display_settings       [   0.06709] Single Buffer requirement not met.
display  D   display_settings.c:212  debug_display_settings           [   0.06713] color: 32 (rgba 8880), depth: 24, stencil: 8, acc: 0000, samples: 6/1
display  D   display_settings.c:398  _al_score_display_settings       [   0.06717] Single Buffer requirement not met.
display  D   display_settings.c:212  debug_display_settings           [   0.06720] color: 32 (rgba 8880), depth: 24, stencil: 8, acc: 0000, samples: 7/1
display  D   display_settings.c:398  _al_score_display_settings       [   0.06724] Single Buffer requirement not met.
display  D   display_settings.c:212  debug_display_settings           [   0.06727] color: 32 (rgba 8880), depth: 24, stencil: 8, acc: 0000, samples: 8/1
display  D   display_settings.c:398  _al_score_display_settings       [   0.06731] Single Buffer requirement not met.
display  D   display_settings.c:212  debug_display_settings           [   0.06734] color: 32 (rgba 8880), depth: 24, stencil: 0, acc: 0000, samples: 0/0
display  D   display_settings.c:398  _al_score_display_settings       [   0.06738] Single Buffer requirement not met.
display  D   display_settings.c:212  debug_display_settings           [   0.06742] color: 32 (rgba 8880), depth: 24, stencil: 0, acc: 0000, samples: 0/0
display  D   display_settings.c:398  _al_score_display_settings       [   0.06745] Single Buffer requirement not met.
display  D   display_settings.c:212  debug_display_settings           [   0.06748] color: 32 (rgba 8880), depth: 24, stencil: 0, acc: 0000, samples: 2/1
display  D   display_settings.c:398  _al_score_display_settings       [   0.06752] Single Buffer requirement not met.
display  D   display_settings.c:212  debug_display_settings           [   0.06755] color: 32 (rgba 8880), depth: 24, stencil: 0, acc: 0000, samples: 3/1
display  D   display_settings.c:398  _al_score_display_settings       [   0.06759] Single Buffer requirement not met.
display  D   display_settings.c:212  debug_display_settings           [   0.06763] color: 32 (rgba 8880), depth: 24, stencil: 0, acc: 0000, samples: 4/1
display  D   display_settings.c:398  _al_score_display_settings       [   0.06767] Single Buffer requirement not met.
display  D   display_settings.c:212  debug_display_settings           [   0.06770] color: 32 (rgba 8880), depth: 24, stencil: 0, acc: 0000, samples: 5/1
display  D   display_settings.c:398  _al_score_display_settings       [   0.06774] Single Buffer requirement not met.
display  D   display_settings.c:212  debug_display_settings           [   0.06777] color: 32 (rgba 8880), depth: 24, stencil: 0, acc: 0000, samples: 6/1
display  D   display_settings.c:398  _al_score_display_settings       [   0.06781] Single Buffer requirement not met.
display  D   display_settings.c:212  debug_display_settings           [   0.06784] color: 32 (rgba 8880), depth: 24, stencil: 0, acc: 0000, samples: 7/1
display  D   display_settings.c:398  _al_score_display_settings       [   0.06788] Single Buffer requirement not met.
display  D   display_settings.c:212  debug_display_settings           [   0.06791] color: 32 (rgba 8880), depth: 24, stencil: 0, acc: 0000, samples: 8/1
display  D   display_settings.c:398  _al_score_display_settings       [   0.06795] Single Buffer requirement not met.
display  D   display_settings.c:212  debug_display_settings           [   0.06798] color: 32 (rgba 8880), depth: 16, stencil: 0, acc: 0000, samples: 0/0
display  D   display_settings.c:398  _al_score_display_settings       [   0.06802] Single Buffer requirement not met.
display  D   display_settings.c:212  debug_display_settings           [   0.06805] color: 32 (rgba 8880), depth: 16, stencil: 0, acc: 0000, samples: 0/0
display  D   display_settings.c:398  _al_score_display_settings       [   0.06809] Single Buffer requirement not met.
display  D   display_settings.c:212  debug_display_settings           [   0.06812] color: 32 (rgba 8880), depth: 16, stencil: 0, acc: 0000, samples: 2/1
display  D   display_settings.c:398  _al_score_display_settings       [   0.06816] Single Buffer requirement not met.
display  D   display_settings.c:212  debug_display_settings           [   0.06820] color: 32 (rgba 8880), depth: 16, stencil: 0, acc: 0000, samples: 3/1
display  D   display_settings.c:398  _al_score_display_settings       [   0.06824] Single Buffer requirement not met.
display  D   display_settings.c:212  debug_display_settings           [   0.06827] color: 32 (rgba 8880), depth: 16, stencil: 0, acc: 0000, samples: 4/1
display  D   display_settings.c:398  _al_score_display_settings       [   0.06831] Single Buffer requirement not met.
display  D   display_settings.c:212  debug_display_settings           [   0.06834] color: 32 (rgba 8880), depth: 16, stencil: 0, acc: 0000, samples: 5/1
display  D   display_settings.c:398  _al_score_display_settings       [   0.06838] Single Buffer requirement not met.
display  D   display_settings.c:212  debug_display_settings           [   0.06841] color: 32 (rgba 8880), depth: 16, stencil: 0, acc: 0000, samples: 6/1
display  D   display_settings.c:398  _al_score_display_settings       [   0.06845] Single Buffer requirement not met.
display  D   display_settings.c:212  debug_display_settings           [   0.06848] color: 32 (rgba 8880), depth: 16, stencil: 0, acc: 0000, samples: 7/1
display  D   display_settings.c:398  _al_score_display_settings       [   0.06852] Single Buffer requirement not met.
display  D   display_settings.c:212  debug_display_settings           [   0.06855] color: 32 (rgba 8880), depth: 16, stencil: 0, acc: 0000, samples: 8/1
display  D   display_settings.c:398  _al_score_display_settings       [   0.06859] Single Buffer requirement not met.
display  D   display_settings.c:212  debug_display_settings           [   0.06863] color: 16 (rgba 5650), depth: 0, stencil: 0, acc: 0000, samples: 0/0
display  D   display_settings.c:398  _al_score_display_settings       [   0.06867] Single Buffer requirement not met.
display  D   display_settings.c:212  debug_display_settings           [   0.06870] color: 16 (rgba 5650), depth: 0, stencil: 0, acc: 0000, samples: 0/0
display  D   display_settings.c:398  _al_score_display_settings       [   0.06874] Single Buffer requirement not met.
display  D   display_settings.c:212  debug_display_settings           [   0.06877] color: 16 (rgba 5650), depth: 0, stencil: 0, acc: 0000, samples: 2/1
display  D   display_settings.c:398  _al_score_display_settings       [   0.06881] Single Buffer requirement not met.
display  D   display_settings.c:212  debug_display_settings           [   0.06884] color: 16 (rgba 5650), depth: 0, stencil: 0, acc: 0000, samples: 3/1
display  D   display_settings.c:398  _al_score_display_settings       [   0.06888] Single Buffer requirement not met.
display  D   display_settings.c:212  debug_display_settings           [   0.06891] color: 16 (rgba 5650), depth: 0, stencil: 0, acc: 0000, samples: 4/1
display  D   display_settings.c:398  _al_score_display_settings       [   0.06895] Single Buffer requirement not met.
display  D   display_settings.c:212  debug_display_settings           [   0.06898] color: 16 (rgba 5650), depth: 0, stencil: 0, acc: 0000, samples: 5/1
display  D   display_settings.c:398  _al_score_display_settings       [   0.06902] Single Buffer requirement not met.
display  D   display_settings.c:212  debug_display_settings           [   0.06905] color: 16 (rgba 5650), depth: 0, stencil: 0, acc: 0000, samples: 6/1
display  D   display_settings.c:398  _al_score_display_settings       [   0.06909] Single Buffer requirement not met.
display  D   display_settings.c:212  debug_display_settings           [   0.06914] color: 16 (rgba 5650), depth: 0, stencil: 0, acc: 0000, samples: 7/1
display  D   display_settings.c:398  _al_score_display_settings       [   0.06920] Single Buffer requirement not met.
display  D   display_settings.c:212  debug_display_settings           [   0.06925] color: 16 (rgba 5650), depth: 0, stencil: 0, acc: 0000, samples: 8/1
display  D   display_settings.c:398  _al_score_display_settings       [   0.06931] Single Buffer requirement not met.
display  D   display_settings.c:212  debug_display_settings           [   0.06947] color: 16 (rgba 5650), depth: 24, stencil: 8, acc: 0000, samples: 0/0
display  D   display_settings.c:398  _al_score_display_settings       [   0.06955] Single Buffer requirement not met.
display  D   display_settings.c:212  debug_display_settings           [   0.06961] color: 16 (rgba 5650), depth: 24, stencil: 8, acc: 0000, samples: 0/0
display  D   display_settings.c:398  _al_score_display_settings       [   0.06974] Single Buffer requirement not met.
display  D   display_settings.c:212  debug_display_settings           [   0.06980] color: 16 (rgba 5650), depth: 24, stencil: 8, acc: 0000, samples: 2/1
display  D   display_settings.c:398  _al_score_display_settings       [   0.06986] Single Buffer requirement not met.
display  D   display_settings.c:212  debug_display_settings           [   0.06992] color: 16 (rgba 5650), depth: 24, stencil: 8, acc: 0000, samples: 3/1
display  D   display_settings.c:398  _al_score_display_settings       [   0.06999] Single Buffer requirement not met.
display  D   display_settings.c:212  debug_display_settings           [   0.07004] color: 16 (rgba 5650), depth: 24, stencil: 8, acc: 0000, samples: 4/1
display  D   display_settings.c:398  _al_score_display_settings       [   0.07010] Single Buffer requirement not met.
display  D   display_settings.c:212  debug_display_settings           [   0.07018] color: 16 (rgba 5650), depth: 24, stencil: 8, acc: 0000, samples: 5/1
display  D   display_settings.c:398  _al_score_display_settings       [   0.07025] Single Buffer requirement not met.
display  D   display_settings.c:212  debug_display_settings           [   0.07034] color: 16 (rgba 5650), depth: 24, stencil: 8, acc: 0000, samples: 6/1
display  D   display_settings.c:398  _al_score_display_settings       [   0.07041] Single Buffer requirement not met.
display  D   display_settings.c:212  debug_display_settings           [   0.07048] color: 16 (rgba 5650), depth: 24, stencil: 8, acc: 0000, samples: 7/1
display  D   display_settings.c:398  _al_score_display_settings       [   0.07055] Single Buffer requirement not met.
display  D   display_settings.c:212  debug_display_settings           [   0.07060] color: 16 (rgba 5650), depth: 24, stencil: 8, acc: 0000, samples: 8/1
display  D   display_settings.c:398  _al_score_display_settings       [   0.07067] Single Buffer requirement not met.
display  D   display_settings.c:212  debug_display_settings           [   0.07073] color: 16 (rgba 5650), depth: 24, stencil: 0, acc: 0000, samples: 0/0
display  D   display_settings.c:398  _al_score_display_settings       [   0.07080] Single Buffer requirement not met.
display  D   display_settings.c:212  debug_display_settings           [   0.07086] color: 16 (rgba 5650), depth: 24, stencil: 0, acc: 0000, samples: 0/0
display  D   display_settings.c:398  _al_score_display_settings       [   0.07093] Single Buffer requirement not met.
display  D   display_settings.c:212  debug_display_settings           [   0.07099] color: 16 (rgba 5650), depth: 24, stencil: 0, acc: 0000, samples: 2/1
display  D   display_settings.c:398  _al_score_display_settings       [   0.07105] Single Buffer requirement not met.
display  D   display_settings.c:212  debug_display_settings           [   0.07111] color: 16 (rgba 5650), depth: 24, stencil: 0, acc: 0000, samples: 3/1
display  D   display_settings.c:398  _al_score_display_settings       [   0.07118] Single Buffer requirement not met.
display  D   display_settings.c:212  debug_display_settings           [   0.07138] color: 16 (rgba 5650), depth: 24, stencil: 0, acc: 0000, samples: 4/1
display  D   display_settings.c:398  _al_score_display_settings       [   0.07176] Single Buffer requirement not met.
display  D   display_settings.c:212  debug_display_settings           [   0.07183] color: 16 (rgba 5650), depth: 24, stencil: 0, acc: 0000, samples: 5/1
display  D   display_settings.c:398  _al_score_display_settings       [   0.07190] Single Buffer requirement not met.
display  D   display_settings.c:212  debug_display_settings           [   0.07196] color: 16 (rgba 5650), depth: 24, stencil: 0, acc: 0000, samples: 6/1
display  D   display_settings.c:398  _al_score_display_settings       [   0.07225] Single Buffer requirement not met.
display  D   display_settings.c:212  debug_display_settings           [   0.07234] color: 16 (rgba 5650), depth: 24, stencil: 0, acc: 0000, samples: 7/1
display  D   display_settings.c:398  _al_score_display_settings       [   0.07241] Single Buffer requirement not met.
display  D   display_settings.c:212  debug_display_settings           [   0.07265] color: 16 (rgba 5650), depth: 24, stencil: 0, acc: 0000, samples: 8/1
display  D   display_settings.c:398  _al_score_display_settings       [   0.07274] Single Buffer requirement not met.
display  D   display_settings.c:212  debug_display_settings           [   0.07281] color: 16 (rgba 5650), depth: 16, stencil: 0, acc: 0000, samples: 0/0
display  D   display_settings.c:398  _al_score_display_settings       [   0.07288] Single Buffer requirement not met.
display  D   display_settings.c:212  debug_display_settings           [   0.07294] color: 16 (rgba 5650), depth: 16, stencil: 0, acc: 0000, samples: 0/0
display  D   display_settings.c:398  _al_score_display_settings       [   0.07300] Single Buffer requirement not met.
display  D   display_settings.c:212  debug_display_settings           [   0.07306] color: 16 (rgba 5650), depth: 16, stencil: 0, acc: 0000, samples: 2/1
display  D   display_settings.c:398  _al_score_display_settings       [   0.07313] Single Buffer requirement not met.
display  D   display_settings.c:212  debug_display_settings           [   0.07319] color: 16 (rgba 5650), depth: 16, stencil: 0, acc: 0000, samples: 3/1
display  D   display_settings.c:398  _al_score_display_settings       [   0.07325] Single Buffer requirement not met.
display  D   display_settings.c:212  debug_display_settings           [   0.07330] color: 16 (rgba 5650), depth: 16, stencil: 0, acc: 0000, samples: 4/1
display  D   display_settings.c:398  _al_score_display_settings       [   0.07341] Single Buffer requirement not met.
display  D   display_settings.c:212  debug_display_settings           [   0.07352] color: 16 (rgba 5650), depth: 16, stencil: 0, acc: 0000, samples: 5/1
display  D   display_settings.c:398  _al_score_display_settings       [   0.07358] Single Buffer requirement not met.
display  D   display_settings.c:212  debug_display_settings           [   0.07364] color: 16 (rgba 5650), depth: 16, stencil: 0, acc: 0000, samples: 6/1
display  D   display_settings.c:398  _al_score_display_settings       [   0.07369] Single Buffer requirement not met.
display  D   display_settings.c:212  debug_display_settings           [   0.07373] color: 16 (rgba 5650), depth: 16, stencil: 0, acc: 0000, samples: 7/1
display  D   display_settings.c:398  _al_score_display_settings       [   0.07377] Single Buffer requirement not met.
display  D   display_settings.c:212  debug_display_settings           [   0.07380] color: 16 (rgba 5650), depth: 16, stencil: 0, acc: 0000, samples: 8/1
display  D   display_settings.c:398  _al_score_display_settings       [   0.07384] Single Buffer requirement not met.
display  D   display_settings.c:212  debug_display_settings           [   0.07387] color: 32 (rgba 8880), depth: 0, stencil: 0, acc: 0000, samples: 0/0
display  D   display_settings.c:527  _al_score_display_settings       [   0.07391] Score is : 769
display  D   display_settings.c:212  debug_display_settings           [   0.07394] color: 32 (rgba 8880), depth: 0, stencil: 0, acc: 0000, samples: 0/0
display  D   display_settings.c:527  _al_score_display_settings       [   0.07398] Score is : 769
display  D   display_settings.c:212  debug_display_settings           [   0.07401] color: 32 (rgba 8880), depth: 0, stencil: 0, acc: 0000, samples: 2/1
display  D   display_settings.c:527  _al_score_display_settings       [   0.07405] Score is : 598
display  D   display_settings.c:212  debug_display_settings           [   0.07408] color: 32 (rgba 8880), depth: 0, stencil: 0, acc: 0000, samples: 3/1
display  D   display_settings.c:527  _al_score_display_settings       [   0.07412] Score is : 593
display  D   display_settings.c:212  debug_display_settings           [   0.07416] color: 32 (rgba 8880), depth: 0, stencil: 0, acc: 0000, samples: 4/1
display  D   display_settings.c:527  _al_score_display_settings       [   0.07420] Score is : 589
display  D   display_settings.c:212  debug_display_settings           [   0.07423] color: 32 (rgba 8880), depth: 0, stencil: 0, acc: 0000, samples: 5/1
display  D   display_settings.c:527  _al_score_display_settings       [   0.07426] Score is : 587
display  D   display_settings.c:212  debug_display_settings           [   0.07430] color: 32 (rgba 8880), depth: 0, stencil: 0, acc: 0000, samples: 6/1
display  D   display_settings.c:527  _al_score_display_settings       [   0.07433] Score is : 586
display  D   display_settings.c:212  debug_display_settings           [   0.07436] color: 32 (rgba 8880), depth: 0, stencil: 0, acc: 0000, samples: 7/1
display  D   display_settings.c:527  _al_score_display_settings       [   0.07440] Score is : 585
display  D   display_settings.c:212  debug_display_settings           [   0.07443] color: 32 (rgba 8880), depth: 0, stencil: 0, acc: 0000, samples: 8/1
display  D   display_settings.c:527  _al_score_display_settings       [   0.07447] Score is : 584
display  D   display_settings.c:212  debug_display_settings           [   0.07450] color: 32 (rgba 8880), depth: 24, stencil: 8, acc: 0000, samples: 0/0
display  D   display_settings.c:527  _al_score_display_settings       [   0.07454] Score is : 769
display  D   display_settings.c:212  debug_display_settings           [   0.07457] color: 32 (rgba 8880), depth: 24, stencil: 8, acc: 0000, samples: 0/0
display  D   display_settings.c:527  _al_score_display_settings       [   0.07461] Score is : 769
display  D   display_settings.c:212  debug_display_settings           [   0.07465] color: 32 (rgba 8880), depth: 24, stencil: 8, acc: 0000, samples: 2/1
display  D   display_settings.c:527  _al_score_display_settings       [   0.07469] Score is : 598
display  D   display_settings.c:212  debug_display_settings           [   0.07472] color: 32 (rgba 8880), depth: 24, stencil: 8, acc: 0000, samples: 3/1
display  D   display_settings.c:527  _al_score_display_settings       [   0.07476] Score is : 593
display  D   display_settings.c:212  debug_display_settings           [   0.07479] color: 32 (rgba 8880), depth: 24, stencil: 8, acc: 0000, samples: 4/1
display  D   display_settings.c:527  _al_score_display_settings       [   0.07482] Score is : 589
display  D   display_settings.c:212  debug_display_settings           [   0.07486] color: 32 (rgba 8880), depth: 24, stencil: 8, acc: 0000, samples: 5/1
display  D   display_settings.c:527  _al_score_display_settings       [   0.07489] Score is : 587
display  D   display_settings.c:212  debug_display_settings           [   0.07492] color: 32 (rgba 8880), depth: 24, stencil: 8, acc: 0000, samples: 6/1
display  D   display_settings.c:527  _al_score_display_settings       [   0.07496] Score is : 586
display  D   display_settings.c:212  debug_display_settings           [   0.07499] color: 32 (rgba 8880), depth: 24, stencil: 8, acc: 0000, samples: 7/1
display  D   display_settings.c:527  _al_score_display_settings       [   0.07503] Score is : 585
display  D   display_settings.c:212  debug_display_settings           [   0.07506] color: 32 (rgba 8880), depth: 24, stencil: 8, acc: 0000, samples: 8/1
display  D   display_settings.c:527  _al_score_display_settings       [   0.07510] Score is : 584
display  D   display_settings.c:212  debug_display_settings           [   0.07513] color: 32 (rgba 8880), depth: 24, stencil: 0, acc: 0000, samples: 0/0
display  D   display_settings.c:527  _al_score_display_settings       [   0.07517] Score is : 769
display  D   display_settings.c:212  debug_display_settings           [   0.07520] color: 32 (rgba 8880), depth: 24, stencil: 0, acc: 0000, samples: 0/0
display  D   display_settings.c:527  _al_score_display_settings       [   0.07524] Score is : 769
display  D   display_settings.c:212  debug_display_settings           [   0.07527] color: 32 (rgba 8880), depth: 24, stencil: 0, acc: 0000, samples: 2/1
display  D   display_settings.c:527  _al_score_display_settings       [   0.07531] Score is : 598
display  D   display_settings.c:212  debug_display_settings           [   0.07534] color: 32 (rgba 8880), depth: 24, stencil: 0, acc: 0000, samples: 3/1
display  D   display_settings.c:527  _al_score_display_settings       [   0.07538] Score is : 593
display  D   display_settings.c:212  debug_display_settings           [   0.07541] color: 32 (rgba 8880), depth: 24, stencil: 0, acc: 0000, samples: 4/1
display  D   display_settings.c:527  _al_score_display_settings       [   0.07545] Score is : 589
display  D   display_settings.c:212  debug_display_settings           [   0.07548] color: 32 (rgba 8880), depth: 24, stencil: 0, acc: 0000, samples: 5/1
display  D   display_settings.c:527  _al_score_display_settings       [   0.07552] Score is : 587
display  D   display_settings.c:212  debug_display_settings           [   0.07555] color: 32 (rgba 8880), depth: 24, stencil: 0, acc: 0000, samples: 6/1
display  D   display_settings.c:527  _al_score_display_settings       [   0.07559] Score is : 586
display  D   display_settings.c:212  debug_display_settings           [   0.07562] color: 32 (rgba 8880), depth: 24, stencil: 0, acc: 0000, samples: 7/1
display  D   display_settings.c:527  _al_score_display_settings       [   0.07566] Score is : 585
display  D   display_settings.c:212  debug_display_settings           [   0.07570] color: 32 (rgba 8880), depth: 24, stencil: 0, acc: 0000, samples: 8/1
display  D   display_settings.c:527  _al_score_display_settings       [   0.07573] Score is : 584
display  D   display_settings.c:212  debug_display_settings           [   0.07577] color: 32 (rgba 8880), depth: 16, stencil: 0, acc: 0000, samples: 0/0
display  D   display_settings.c:527  _al_score_display_settings       [   0.07580] Score is : 769
display  D   display_settings.c:212  debug_display_settings           [   0.07583] color: 32 (rgba 8880), depth: 16, stencil: 0, acc: 0000, samples: 0/0
display  D   display_settings.c:527  _al_score_display_settings       [   0.07587] Score is : 769
display  D   display_settings.c:212  debug_display_settings           [   0.07590] color: 32 (rgba 8880), depth: 16, stencil: 0, acc: 0000, samples: 2/1
display  D   display_settings.c:527  _al_score_display_settings       [   0.07594] Score is : 598
display  D   display_settings.c:212  debug_display_settings           [   0.07597] color: 32 (rgba 8880), depth: 16, stencil: 0, acc: 0000, samples: 3/1
display  D   display_settings.c:527  _al_score_display_settings       [   0.07601] Score is : 593
display  D   display_settings.c:212  debug_display_settings           [   0.07604] color: 32 (rgba 8880), depth: 16, stencil: 0, acc: 0000, samples: 4/1
display  D   display_settings.c:527  _al_score_display_settings       [   0.07608] Score is : 589
display  D   display_settings.c:212  debug_display_settings           [   0.07611] color: 32 (rgba 8880), depth: 16, stencil: 0, acc: 0000, samples: 5/1
display  D   display_settings.c:527  _al_score_display_settings       [   0.07615] Score is : 587
display  D   display_settings.c:212  debug_display_settings           [   0.07618] color: 32 (rgba 8880), depth: 16, stencil: 0, acc: 0000, samples: 6/1
display  D   display_settings.c:527  _al_score_display_settings       [   0.07621] Score is : 586
display  D   display_settings.c:212  debug_display_settings           [   0.07625] color: 32 (rgba 8880), depth: 16, stencil: 0, acc: 0000, samples: 7/1
display  D   display_settings.c:527  _al_score_display_settings       [   0.07628] Score is : 585
display  D   display_settings.c:212  debug_display_settings           [   0.07631] color: 32 (rgba 8880), depth: 16, stencil: 0, acc: 0000, samples: 8/1
display  D   display_settings.c:527  _al_score_display_settings       [   0.07635] Score is : 584
display  D   display_settings.c:212  debug_display_settings           [   0.07639] color: 16 (rgba 5650), depth: 0, stencil: 0, acc: 0000, samples: 0/0
display  D   display_settings.c:527  _al_score_display_settings       [   0.07642] Score is : 769
display  D   display_settings.c:212  debug_display_settings           [   0.07646] color: 16 (rgba 5650), depth: 0, stencil: 0, acc: 0000, samples: 0/0
display  D   display_settings.c:527  _al_score_display_settings       [   0.07649] Score is : 769
display  D   display_settings.c:212  debug_display_settings           [   0.07652] color: 16 (rgba 5650), depth: 0, stencil: 0, acc: 0000, samples: 2/1
display  D   display_settings.c:527  _al_score_display_settings       [   0.07656] Score is : 598
display  D   display_settings.c:212  debug_display_settings           [   0.07659] color: 16 (rgba 5650), depth: 0, stencil: 0, acc: 0000, samples: 3/1
display  D   display_settings.c:527  _al_score_display_settings       [   0.07664] Score is : 593
display  D   display_settings.c:212  debug_display_settings           [   0.07667] color: 16 (rgba 5650), depth: 0, stencil: 0, acc: 0000, samples: 4/1
display  D   display_settings.c:527  _al_score_display_settings       [   0.07684] Score is : 589
display  D   display_settings.c:212  debug_display_settings           [   0.07688] color: 16 (rgba 5650), depth: 0, stencil: 0, acc: 0000, samples: 5/1
display  D   display_settings.c:527  _al_score_display_settings       [   0.07691] Score is : 587
display  D   display_settings.c:212  debug_display_settings           [   0.07702] color: 16 (rgba 5650), depth: 0, stencil: 0, acc: 0000, samples: 6/1
display  D   display_settings.c:527  _al_score_display_settings       [   0.07707] Score is : 586
display  D   display_settings.c:212  debug_display_settings           [   0.07710] color: 16 (rgba 5650), depth: 0, stencil: 0, acc: 0000, samples: 7/1
display  D   display_settings.c:527  _al_score_display_settings       [   0.07714] Score is : 585
display  D   display_settings.c:212  debug_display_settings           [   0.07717] color: 16 (rgba 5650), depth: 0, stencil: 0, acc: 0000, samples: 8/1
display  D   display_settings.c:527  _al_score_display_settings       [   0.07721] Score is : 584
display  D   display_settings.c:212  debug_display_settings           [   0.07724] color: 16 (rgba 5650), depth: 24, stencil: 8, acc: 0000, samples: 0/0
display  D   display_settings.c:527  _al_score_display_settings       [   0.07728] Score is : 769
display  D   display_settings.c:212  debug_display_settings           [   0.07731] color: 16 (rgba 5650), depth: 24, stencil: 8, acc: 0000, samples: 0/0
display  D   display_settings.c:527  _al_score_display_settings       [   0.07735] Score is : 769
display  D   display_settings.c:212  debug_display_settings           [   0.07738] color: 16 (rgba 5650), depth: 24, stencil: 8, acc: 0000, samples: 2/1
display  D   display_settings.c:527  _al_score_display_settings       [   0.07741] Score is : 598
display  D   display_settings.c:212  debug_display_settings           [   0.07744] color: 16 (rgba 5650), depth: 24, stencil: 8, acc: 0000, samples: 3/1
display  D   display_settings.c:527  _al_score_display_settings       [   0.07748] Score is : 593
display  D   display_settings.c:212  debug_display_settings           [   0.07751] color: 16 (rgba 5650), depth: 24, stencil: 8, acc: 0000, samples: 4/1
display  D   display_settings.c:527  _al_score_display_settings       [   0.07755] Score is : 589
display  D   display_settings.c:212  debug_display_settings           [   0.07758] color: 16 (rgba 5650), depth: 24, stencil: 8, acc: 0000, samples: 5/1
display  D   display_settings.c:527  _al_score_display_settings       [   0.07763] Score is : 587
display  D   display_settings.c:212  debug_display_settings           [   0.07766] color: 16 (rgba 5650), depth: 24, stencil: 8, acc: 0000, samples: 6/1
display  D   display_settings.c:527  _al_score_display_settings       [   0.07770] Score is : 586
display  D   display_settings.c:212  debug_display_settings           [   0.07773] color: 16 (rgba 5650), depth: 24, stencil: 8, acc: 0000, samples: 7/1
display  D   display_settings.c:527  _al_score_display_settings       [   0.07777] Score is : 585
display  D   display_settings.c:212  debug_display_settings           [   0.07781] color: 16 (rgba 5650), depth: 24, stencil: 8, acc: 0000, samples: 8/1
display  D   display_settings.c:527  _al_score_display_settings       [   0.07784] Score is : 584
display  D   display_settings.c:212  debug_display_settings           [   0.07788] color: 16 (rgba 5650), depth: 24, stencil: 0, acc: 0000, samples: 0/0
display  D   display_settings.c:527  _al_score_display_settings       [   0.07791] Score is : 769
display  D   display_settings.c:212  debug_display_settings           [   0.07794] color: 16 (rgba 5650), depth: 24, stencil: 0, acc: 0000, samples: 0/0
display  D   display_settings.c:527  _al_score_display_settings       [   0.07798] Score is : 769
display  D   display_settings.c:212  debug_display_settings           [   0.07801] color: 16 (rgba 5650), depth: 24, stencil: 0, acc: 0000, samples: 2/1
display  D   display_settings.c:527  _al_score_display_settings       [   0.07805] Score is : 598
display  D   display_settings.c:212  debug_display_settings           [   0.07808] color: 16 (rgba 5650), depth: 24, stencil: 0, acc: 0000, samples: 3/1
display  D   display_settings.c:527  _al_score_display_settings       [   0.07812] Score is : 593
display  D   display_settings.c:212  debug_display_settings           [   0.07815] color: 16 (rgba 5650), depth: 24, stencil: 0, acc: 0000, samples: 4/1
display  D   display_settings.c:527  _al_score_display_settings       [   0.07819] Score is : 589
display  D   display_settings.c:212  debug_display_settings           [   0.07822] color: 16 (rgba 5650), depth: 24, stencil: 0, acc: 0000, samples: 5/1
display  D   display_settings.c:527  _al_score_display_settings       [   0.07826] Score is : 587
display  D   display_settings.c:212  debug_display_settings           [   0.07829] color: 16 (rgba 5650), depth: 24, stencil: 0, acc: 0000, samples: 6/1
display  D   display_settings.c:527  _al_score_display_settings       [   0.07833] Score is : 586
display  D   display_settings.c:212  debug_display_settings           [   0.07836] color: 16 (rgba 5650), depth: 24, stencil: 0, acc: 0000, samples: 7/1
display  D   display_settings.c:527  _al_score_display_settings       [   0.07839] Score is : 585
display  D   display_settings.c:212  debug_display_settings           [   0.07842] color: 16 (rgba 5650), depth: 24, stencil: 0, acc: 0000, samples: 8/1
display  D   display_settings.c:527  _al_score_display_settings       [   0.07846] Score is : 584
display  D   display_settings.c:212  debug_display_settings           [   0.07849] color: 16 (rgba 5650), depth: 16, stencil: 0, acc: 0000, samples: 0/0
display  D   display_settings.c:527  _al_score_display_settings       [   0.07853] Score is : 769
display  D   display_settings.c:212  debug_display_settings           [   0.07856] color: 16 (rgba 5650), depth: 16, stencil: 0, acc: 0000, samples: 0/0
display  D   display_settings.c:527  _al_score_display_settings       [   0.07860] Score is : 769
display  D   display_settings.c:212  debug_display_settings           [   0.07864] color: 16 (rgba 5650), depth: 16, stencil: 0, acc: 0000, samples: 2/1
display  D   display_settings.c:527  _al_score_display_settings       [   0.07868] Score is : 598
display  D   display_settings.c:212  debug_display_settings           [   0.07871] color: 16 (rgba 5650), depth: 16, stencil: 0, acc: 0000, samples: 3/1
display  D   display_settings.c:527  _al_score_display_settings       [   0.07875] Score is : 593
display  D   display_settings.c:212  debug_display_settings           [   0.07878] color: 16 (rgba 5650), depth: 16, stencil: 0, acc: 0000, samples: 4/1
display  D   display_settings.c:527  _al_score_display_settings       [   0.07881] Score is : 589
display  D   display_settings.c:212  debug_display_settings           [   0.07885] color: 16 (rgba 5650), depth: 16, stencil: 0, acc: 0000, samples: 5/1
display  D   display_settings.c:527  _al_score_display_settings       [   0.07889] Score is : 587
display  D   display_settings.c:212  debug_display_settings           [   0.07892] color: 16 (rgba 5650), depth: 16, stencil: 0, acc: 0000, samples: 6/1
display  D   display_settings.c:527  _al_score_display_settings       [   0.07895] Score is : 586
display  D   display_settings.c:212  debug_display_settings           [   0.07899] color: 16 (rgba 5650), depth: 16, stencil: 0, acc: 0000, samples: 7/1
display  D   display_settings.c:527  _al_score_display_settings       [   0.07902] Score is : 585
display  D   display_settings.c:212  debug_display_settings           [   0.07905] color: 16 (rgba 5650), depth: 16, stencil: 0, acc: 0000, samples: 8/1
display  D   display_settings.c:527  _al_score_display_settings       [   0.07909] Score is : 584
display  D   display_settings.c:212  debug_display_settings           [   0.07912] color: 32 (rgba 8880), depth: 0, stencil: 0, acc: 0000, samples: 0/0
display  D   display_settings.c:398  _al_score_display_settings       [   0.07916] Single Buffer requirement not met.
display  D   display_settings.c:212  debug_display_settings           [   0.07919] color: 32 (rgba 8880), depth: 0, stencil: 0, acc: 0000, samples: 0/0
display  D   display_settings.c:398  _al_score_display_settings       [   0.07923] Single Buffer requirement not met.
display  D   display_settings.c:212  debug_display_settings           [   0.07926] color: 32 (rgba 8880), depth: 0, stencil: 0, acc: 0000, samples: 2/1
display  D   display_settings.c:398  _al_score_display_settings       [   0.07930] Single Buffer requirement not met.
display  D   display_settings.c:212  debug_display_settings           [   0.07934] color: 32 (rgba 8880), depth: 0, stencil: 0, acc: 0000, samples: 3/1
display  D   display_settings.c:398  _al_score_display_settings       [   0.07938] Single Buffer requirement not met.
display  D   display_settings.c:212  debug_display_settings           [   0.07942] color: 32 (rgba 8880), depth: 0, stencil: 0, acc: 0000, samples: 4/1
display  D   display_settings.c:398  _al_score_display_settings       [   0.07945] Single Buffer requirement not met.
display  D   display_settings.c:212  debug_display_settings           [   0.07949] color: 32 (rgba 8880), depth: 0, stencil: 0, acc: 0000, samples: 5/1
display  D   display_settings.c:398  _al_score_display_settings       [   0.07952] Single Buffer requirement not met.
display  D   display_settings.c:212  debug_display_settings           [   0.07956] color: 32 (rgba 8880), depth: 0, stencil: 0, acc: 0000, samples: 6/1
display  D   display_settings.c:398  _al_score_display_settings       [   0.07959] Single Buffer requirement not met.
display  D   display_settings.c:212  debug_display_settings           [   0.07963] color: 32 (rgba 8880), depth: 0, stencil: 0, acc: 0000, samples: 7/1
display  D   display_settings.c:398  _al_score_display_settings       [   0.07967] Single Buffer requirement not met.
display  D   display_settings.c:212  debug_display_settings           [   0.07971] color: 32 (rgba 8880), depth: 0, stencil: 0, acc: 0000, samples: 8/1
display  D   display_settings.c:398  _al_score_display_settings       [   0.07974] Single Buffer requirement not met.
display  D   display_settings.c:212  debug_display_settings           [   0.07977] color: 32 (rgba 8880), depth: 24, stencil: 8, acc: 0000, samples: 0/0
display  D   display_settings.c:398  _al_score_display_settings       [   0.07981] Single Buffer requirement not met.
display  D   display_settings.c:212  debug_display_settings           [   0.07984] color: 32 (rgba 8880), depth: 24, stencil: 8, acc: 0000, samples: 0/0
display  D   display_settings.c:398  _al_score_display_settings       [   0.07988] Single Buffer requirement not met.
display  D   display_settings.c:212  debug_display_settings           [   0.07991] color: 32 (rgba 8880), depth: 24, stencil: 8, acc: 0000, samples: 2/1
display  D   display_settings.c:398  _al_score_display_settings       [   0.07995] Single Buffer requirement not met.
display  D   display_settings.c:212  debug_display_settings           [   0.07999] color: 32 (rgba 8880), depth: 24, stencil: 8, acc: 0000, samples: 3/1
display  D   display_settings.c:398  _al_score_display_settings       [   0.08002] Single Buffer requirement not met.
display  D   display_settings.c:212  debug_display_settings           [   0.08006] color: 32 (rgba 8880), depth: 24, stencil: 8, acc: 0000, samples: 4/1
display  D   display_settings.c:398  _al_score_display_settings       [   0.08009] Single Buffer requirement not met.
display  D   display_settings.c:212  debug_display_settings           [   0.08013] color: 32 (rgba 8880), depth: 24, stencil: 8, acc: 0000, samples: 5/1
display  D   display_settings.c:398  _al_score_display_settings       [   0.08016] Single Buffer requirement not met.
display  D   display_settings.c:212  debug_display_settings           [   0.08019] color: 32 (rgba 8880), depth: 24, stencil: 8, acc: 0000, samples: 6/1
display  D   display_settings.c:398  _al_score_display_settings       [   0.08023] Single Buffer requirement not met.
display  D   display_settings.c:212  debug_display_settings           [   0.08026] color: 32 (rgba 8880), depth: 24, stencil: 8, acc: 0000, samples: 7/1
display  D   display_settings.c:398  _al_score_display_settings       [   0.08030] Single Buffer requirement not met.
display  D   display_settings.c:212  debug_display_settings           [   0.08033] color: 32 (rgba 8880), depth: 24, stencil: 8, acc: 0000, samples: 8/1
display  D   display_settings.c:398  _al_score_display_settings       [   0.08037] Single Buffer requirement not met.
display  D   display_settings.c:212  debug_display_settings           [   0.08040] color: 32 (rgba 8880), depth: 24, stencil: 0, acc: 0000, samples: 0/0
display  D   display_settings.c:398  _al_score_display_settings       [   0.08044] Single Buffer requirement not met.
display  D   display_settings.c:212  debug_display_settings           [   0.08047] color: 32 (rgba 8880), depth: 24, stencil: 0, acc: 0000, samples: 0/0
display  D   display_settings.c:398  _al_score_display_settings       [   0.08051] Single Buffer requirement not met.
display  D   display_settings.c:212  debug_display_settings           [   0.08054] color: 32 (rgba 8880), depth: 24, stencil: 0, acc: 0000, samples: 2/1
display  D   display_settings.c:398  _al_score_display_settings       [   0.08058] Single Buffer requirement not met.
display  D   display_settings.c:212  debug_display_settings           [   0.08061] color: 32 (rgba 8880), depth: 24, stencil: 0, acc: 0000, samples: 3/1
display  D   display_settings.c:398  _al_score_display_settings       [   0.08066] Single Buffer requirement not met.
display  D   display_settings.c:212  debug_display_settings           [   0.08069] color: 32 (rgba 8880), depth: 24, stencil: 0, acc: 0000, samples: 4/1
display  D   display_settings.c:398  _al_score_display_settings       [   0.08073] Single Buffer requirement not met.
display  D   display_settings.c:212  debug_display_settings           [   0.08076] color: 32 (rgba 8880), depth: 24, stencil: 0, acc: 0000, samples: 5/1
display  D   display_settings.c:398  _al_score_display_settings       [   0.08080] Single Buffer requirement not met.
display  D   display_settings.c:212  debug_display_settings           [   0.08083] color: 32 (rgba 8880), depth: 24, stencil: 0, acc: 0000, samples: 6/1
display  D   display_settings.c:398  _al_score_display_settings       [   0.08087] Single Buffer requirement not met.
display  D   display_settings.c:212  debug_display_settings           [   0.08090] color: 32 (rgba 8880), depth: 24, stencil: 0, acc: 0000, samples: 7/1
display  D   display_settings.c:398  _al_score_display_settings       [   0.08093] Single Buffer requirement not met.
display  D   display_settings.c:212  debug_display_settings           [   0.08097] color: 32 (rgba 8880), depth: 24, stencil: 0, acc: 0000, samples: 8/1
display  D   display_settings.c:398  _al_score_display_settings       [   0.08111] Single Buffer requirement not met.
display  D   display_settings.c:212  debug_display_settings           [   0.08114] color: 32 (rgba 8880), depth: 16, stencil: 0, acc: 0000, samples: 0/0
display  D   display_settings.c:398  _al_score_display_settings       [   0.08118] Single Buffer requirement not met.
display  D   display_settings.c:212  debug_display_settings           [   0.08122] color: 32 (rgba 8880), depth: 16, stencil: 0, acc: 0000, samples: 0/0
display  D   display_settings.c:398  _al_score_display_settings       [   0.08125] Single Buffer requirement not met.
display  D   display_settings.c:212  debug_display_settings           [   0.08129] color: 32 (rgba 8880), depth: 16, stencil: 0, acc: 0000, samples: 2/1
display  D   display_settings.c:398  _al_score_display_settings       [   0.08132] Single Buffer requirement not met.
display  D   display_settings.c:212  debug_display_settings           [   0.08135] color: 32 (rgba 8880), depth: 16, stencil: 0, acc: 0000, samples: 3/1
display  D   display_settings.c:398  _al_score_display_settings       [   0.08139] Single Buffer requirement not met.
display  D   display_settings.c:212  debug_display_settings           [   0.08142] color: 32 (rgba 8880), depth: 16, stencil: 0, acc: 0000, samples: 4/1
display  D   display_settings.c:398  _al_score_display_settings       [   0.08146] Single Buffer requirement not met.
display  D   display_settings.c:212  debug_display_settings           [   0.08149] color: 32 (rgba 8880), depth: 16, stencil: 0, acc: 0000, samples: 5/1
display  D   display_settings.c:398  _al_score_display_settings       [   0.08153] Single Buffer requirement not met.
display  D   display_settings.c:212  debug_display_settings           [   0.08156] color: 32 (rgba 8880), depth: 16, stencil: 0, acc: 0000, samples: 6/1
display  D   display_settings.c:398  _al_score_display_settings       [   0.08160] Single Buffer requirement not met.
display  D   display_settings.c:212  debug_display_settings           [   0.08164] color: 32 (rgba 8880), depth: 16, stencil: 0, acc: 0000, samples: 7/1
display  D   display_settings.c:398  _al_score_display_settings       [   0.08168] Single Buffer requirement not met.
display  D   display_settings.c:212  debug_display_settings           [   0.08171] color: 32 (rgba 8880), depth: 16, stencil: 0, acc: 0000, samples: 8/1
display  D   display_settings.c:398  _al_score_display_settings       [   0.08175] Single Buffer requirement not met.
display  D   display_settings.c:212  debug_display_settings           [   0.08178] color: 16 (rgba 5650), depth: 0, stencil: 0, acc: 0000, samples: 0/0
display  D   display_settings.c:398  _al_score_display_settings       [   0.08182] Single Buffer requirement not met.
display  D   display_settings.c:212  debug_display_settings           [   0.08185] color: 16 (rgba 5650), depth: 0, stencil: 0, acc: 0000, samples: 0/0
display  D   display_settings.c:398  _al_score_display_settings       [   0.08189] Single Buffer requirement not met.
display  D   display_settings.c:212  debug_display_settings           [   0.08192] color: 16 (rgba 5650), depth: 0, stencil: 0, acc: 0000, samples: 2/1
display  D   display_settings.c:398  _al_score_display_settings       [   0.08196] Single Buffer requirement not met.
display  D   display_settings.c:212  debug_display_settings           [   0.08199] color: 16 (rgba 5650), depth: 0, stencil: 0, acc: 0000, samples: 3/1
display  D   display_settings.c:398  _al_score_display_settings       [   0.08203] Single Buffer requirement not met.
display  D   display_settings.c:212  debug_display_settings           [   0.08206] color: 16 (rgba 5650), depth: 0, stencil: 0, acc: 0000, samples: 4/1
display  D   display_settings.c:398  _al_score_display_settings       [   0.08210] Single Buffer requirement not met.
display  D   display_settings.c:212  debug_display_settings           [   0.08213] color: 16 (rgba 5650), depth: 0, stencil: 0, acc: 0000, samples: 5/1
display  D   display_settings.c:398  _al_score_display_settings       [   0.08217] Single Buffer requirement not met.
display  D   display_settings.c:212  debug_display_settings           [   0.08220] color: 16 (rgba 5650), depth: 0, stencil: 0, acc: 0000, samples: 6/1
display  D   display_settings.c:398  _al_score_display_settings       [   0.08224] Single Buffer requirement not met.
display  D   display_settings.c:212  debug_display_settings           [   0.08227] color: 16 (rgba 5650), depth: 0, stencil: 0, acc: 0000, samples: 7/1
display  D   display_settings.c:398  _al_score_display_settings       [   0.08231] Single Buffer requirement not met.
display  D   display_settings.c:212  debug_display_settings           [   0.08234] color: 16 (rgba 5650), depth: 0, stencil: 0, acc: 0000, samples: 8/1
display  D   display_settings.c:398  _al_score_display_settings       [   0.08238] Single Buffer requirement not met.
display  D   display_settings.c:212  debug_display_settings           [   0.08241] color: 16 (rgba 5650), depth: 24, stencil: 8, acc: 0000, samples: 0/0
display  D   display_settings.c:398  _al_score_display_settings       [   0.08245] Single Buffer requirement not met.
display  D   display_settings.c:212  debug_display_settings           [   0.08248] color: 16 (rgba 5650), depth: 24, stencil: 8, acc: 0000, samples: 0/0
display  D   display_settings.c:398  _al_score_display_settings       [   0.08252] Single Buffer requirement not met.
display  D   display_settings.c:212  debug_display_settings           [   0.08255] color: 16 (rgba 5650), depth: 24, stencil: 8, acc: 0000, samples: 2/1
display  D   display_settings.c:398  _al_score_display_settings       [   0.08259] Single Buffer requirement not met.
display  D   display_settings.c:212  debug_display_settings           [   0.08262] color: 16 (rgba 5650), depth: 24, stencil: 8, acc: 0000, samples: 3/1
display  D   display_settings.c:398  _al_score_display_settings       [   0.08266] Single Buffer requirement not met.
display  D   display_settings.c:212  debug_display_settings           [   0.08270] color: 16 (rgba 5650), depth: 24, stencil: 8, acc: 0000, samples: 4/1
display  D   display_settings.c:398  _al_score_display_settings       [   0.08273] Single Buffer requirement not met.
display  D   display_settings.c:212  debug_display_settings           [   0.08277] color: 16 (rgba 5650), depth: 24, stencil: 8, acc: 0000, samples: 5/1
display  D   display_settings.c:398  _al_score_display_settings       [   0.08280] Single Buffer requirement not met.
display  D   display_settings.c:212  debug_display_settings           [   0.08284] color: 16 (rgba 5650), depth: 24, stencil: 8, acc: 0000, samples: 6/1
display  D   display_settings.c:398  _al_score_display_settings       [   0.08287] Single Buffer requirement not met.
display  D   display_settings.c:212  debug_display_settings           [   0.08291] color: 16 (rgba 5650), depth: 24, stencil: 8, acc: 0000, samples: 7/1
display  D   display_settings.c:398  _al_score_display_settings       [   0.08294] Single Buffer requirement not met.
display  D   display_settings.c:212  debug_display_settings           [   0.08297] color: 16 (rgba 5650), depth: 24, stencil: 8, acc: 0000, samples: 8/1
display  D   display_settings.c:398  _al_score_display_settings       [   0.08301] Single Buffer requirement not met.
display  D   display_settings.c:212  debug_display_settings           [   0.08304] color: 16 (rgba 5650), depth: 24, stencil: 0, acc: 0000, samples: 0/0
display  D   display_settings.c:398  _al_score_display_settings       [   0.08308] Single Buffer requirement not met.
display  D   display_settings.c:212  debug_display_settings           [   0.08311] color: 16 (rgba 5650), depth: 24, stencil: 0, acc: 0000, samples: 0/0
display  D   display_settings.c:398  _al_score_display_settings       [   0.08315] Single Buffer requirement not met.
display  D   display_settings.c:212  debug_display_settings           [   0.08318] color: 16 (rgba 5650), depth: 24, stencil: 0, acc: 0000, samples: 2/1
display  D   display_settings.c:398  _al_score_display_settings       [   0.08322] Single Buffer requirement not met.
display  D   display_settings.c:212  debug_display_settings           [   0.08326] color: 16 (rgba 5650), depth: 24, stencil: 0, acc: 0000, samples: 3/1
display  D   display_settings.c:398  _al_score_display_settings       [   0.08329] Single Buffer requirement not met.
display  D   display_settings.c:212  debug_display_settings           [   0.08333] color: 16 (rgba 5650), depth: 24, stencil: 0, acc: 0000, samples: 4/1
display  D   display_settings.c:398  _al_score_display_settings       [   0.08336] Single Buffer requirement not met.
display  D   display_settings.c:212  debug_display_settings           [   0.08340] color: 16 (rgba 5650), depth: 24, stencil: 0, acc: 0000, samples: 5/1
display  D   display_settings.c:398  _al_score_display_settings       [   0.08343] Single Buffer requirement not met.
display  D   display_settings.c:212  debug_display_settings           [   0.08347] color: 16 (rgba 5650), depth: 24, stencil: 0, acc: 0000, samples: 6/1
display  D   display_settings.c:398  _al_score_display_settings       [   0.08350] Single Buffer requirement not met.
display  D   display_settings.c:212  debug_display_settings           [   0.08354] color: 16 (rgba 5650), depth: 24, stencil: 0, acc: 0000, samples: 7/1
display  D   display_settings.c:398  _al_score_display_settings       [   0.08357] Single Buffer requirement not met.
display  D   display_settings.c:212  debug_display_settings           [   0.08361] color: 16 (rgba 5650), depth: 24, stencil: 0, acc: 0000, samples: 8/1
display  D   display_settings.c:398  _al_score_display_settings       [   0.08367] Single Buffer requirement not met.
display  D   display_settings.c:212  debug_display_settings           [   0.08375] color: 16 (rgba 5650), depth: 16, stencil: 0, acc: 0000, samples: 0/0
display  D   display_settings.c:398  _al_score_display_settings       [   0.08382] Single Buffer requirement not met.
display  D   display_settings.c:212  debug_display_settings           [   0.08387] color: 16 (rgba 5650), depth: 16, stencil: 0, acc: 0000, samples: 0/0
display  D   display_settings.c:398  _al_score_display_settings       [   0.08393] Single Buffer requirement not met.
display  D   display_settings.c:212  debug_display_settings           [   0.08398] color: 16 (rgba 5650), depth: 16, stencil: 0, acc: 0000, samples: 2/1
display  D   display_settings.c:398  _al_score_display_settings       [   0.08403] Single Buffer requirement not met.
display  D   display_settings.c:212  debug_display_settings           [   0.08407] color: 16 (rgba 5650), depth: 16, stencil: 0, acc: 0000, samples: 3/1
display  D   display_settings.c:398  _al_score_display_settings       [   0.08411] Single Buffer requirement not met.
display  D   display_settings.c:212  debug_display_settings           [   0.08414] color: 16 (rgba 5650), depth: 16, stencil: 0, acc: 0000, samples: 4/1
display  D   display_settings.c:398  _al_score_display_settings       [   0.08418] Single Buffer requirement not met.
display  D   display_settings.c:212  debug_display_settings           [   0.08421] color: 16 (rgba 5650), depth: 16, stencil: 0, acc: 0000, samples: 5/1
display  D   display_settings.c:398  _al_score_display_settings       [   0.08425] Single Buffer requirement not met.
display  D   display_settings.c:212  debug_display_settings           [   0.08428] color: 16 (rgba 5650), depth: 16, stencil: 0, acc: 0000, samples: 6/1
display  D   display_settings.c:398  _al_score_display_settings       [   0.08432] Single Buffer requirement not met.
display  D   display_settings.c:212  debug_display_settings           [   0.08436] color: 16 (rgba 5650), depth: 16, stencil: 0, acc: 0000, samples: 7/1
display  D   display_settings.c:398  _al_score_display_settings       [   0.08440] Single Buffer requirement not met.
display  D   display_settings.c:212  debug_display_settings           [   0.08443] color: 16 (rgba 5650), depth: 16, stencil: 0, acc: 0000, samples: 8/1
display  D   display_settings.c:398  _al_score_display_settings       [   0.08447] Single Buffer requirement not met.
d3d      D         d3d_disp.cpp:1678 d3d_create_display_internals     [   0.08462] Trying format 0.
d3d      I         d3d_disp.cpp:1354 d3d_display_thread_proc          [   0.08495] Chose a display format: 23
d3d      I         d3d_disp.cpp:1423 d3d_display_thread_proc          [   0.08502] Normal window.
d3d      I         d3d_disp.cpp:791  d3d_create_device                [   0.10675] Using no depth stencil buffer
d3d      D         d3d_disp.cpp:849  d3d_create_device                [   0.17668] BeginScene succeeded in create_device
d3d      D         d3d_disp.cpp:857  d3d_create_device                [   0.17676] Success
d3d      D         d3d_disp.cpp:1701 d3d_create_display_internals     [   0.17682] Resumed after wait.
d3d      I         d3d_disp.cpp:1734 d3d_create_display_internals     [   0.17694] Format 0 succeeded.
d3d      D         d3d_disp.cpp:1765 d3d_create_display_internals     [   0.17700] Returning d3d_display: 000001AE54E1F240
d3d      D         d3d_disp.cpp:1790 d3d_create_display_locked        [   0.17704] al_display=000001AE54E1F240
d3d      D         d3d_disp.cpp:1791 d3d_create_display_locked        [   0.17708] al_display->vt=000001AE54E1F090
system   D            wsystem.c:799  maybe_parent_dir                 [   0.17734] Also searching C:\Users\Usuario\Desktop\N-Puzzle\N_Puzzle\x64\
system   D            wsystem.c:854  _al_win_safe_load_library        [   0.17758] PathFindOnPath found: C:\WINDOWS\system32\d3dx9_43.dll
system   D            wsystem.c:760  load_library_at_path             [   0.17763] Calling LoadLibrary C:\WINDOWS\system32\d3dx9_43.dll
system   I            wsystem.c:763  load_library_at_path             [   0.17817] Loaded C:\WINDOWS\system32\d3dx9_43.dll
d3dx9    I        d3d_d3dx9.cpp:88   _imp_load_d3dx9_module_version   [   0.17825] Module "d3dx9_43.dll" loaded.
stdio    D         file_stdio.c:110  file_stdio_fopen                 [   0.17835] opening Fonts/slkscre.ttf rb
font     E                ttf.c:994  al_load_ttf_font_stretch         [   0.17848] Unable to open file for reading: Fonts/slkscre.ttf
stdio    D         file_stdio.c:110  file_stdio_fopen                 [   0.17854] opening Sources/Fichas/F7.png rb
stdio    D         file_stdio.c:110  file_stdio_fopen                 [   0.17864] opening Sources/Fichas/F7.png rb
image    E                png.c:415  _al_load_png                     [   0.17875] Unable to open Sources/Fichas/F7.png for reading.
bitmap   E          bitmap_io.c:209  al_load_bitmap_flags             [   0.17879] Failed loading bitmap Sources/Fichas/F7.png with .png handler.
stdio    D         file_stdio.c:110  file_stdio_fopen                 [   0.17883] opening Sounds/Super Mario Bros 2 (NES) Music   Character Select.mp3 rb
acodec   W                mp3.c:56   _al_load_mp3                     [   0.17891] Could not open file 'Sounds/Super Mario Bros 2 (NES) Music   Character Select.mp3'.
stdio    D         file_stdio.c:110  file_stdio_fopen                 [   0.17895] opening Sounds/Casino Kid (NES) Music   Casino Theme.mp3 rb
acodec   W                mp3.c:56   _al_load_mp3                     [   0.17902] Could not open file 'Sounds/Casino Kid (NES) Music   Casino Theme.mp3'.
audio-dsound D           dsound.cpp:311  _dsound_allocate_voice           [   0.17907] Allocating voice
audio-dsound D           dsound.cpp:370  _dsound_allocate_voice           [   0.17911] Allocated voice
dtor     D               dtor.c:196  _al_register_destructor          [   0.17915] added dtor for voice 000001AE578AD000, func 00007FFB7E2314E7
dtor     D               dtor.c:196  _al_register_destructor          [   0.17919] added dtor for mixer 000001AE58914D30, func 00007FFB7E2310FF
audio-dsound D           dsound.cpp:466  _dsound_start_voice              [   0.17924] Starting voice
audio-dsound D           dsound.cpp:494  _dsound_start_voice              [   0.17927] CreateSoundBuffer
audio-dsound D           dsound.cpp:502  _dsound_start_voice              [   0.18168] CreateSoundBuffer succeeded
audio-dsound D           dsound.cpp:508  _dsound_start_voice              [   0.18177] Starting _dsound_update thread
audio-dsound I           dsound.cpp:518  _dsound_start_voice              [   0.18188] Voice started
dtor     D               dtor.c:196  _al_register_destructor          [   0.18196] added dtor for sample_instance 000001AE589D9490, func 00007FFB7E23115E
audio    D          kcm_mixer.c:121  _al_rechannel_matrix             [   0.18206] sample matrix:
audio    D          kcm_mixer.c:127  _al_rechannel_matrix             [   0.18210] 
audio    D          kcm_mixer.c:127  _al_rechannel_matrix             [   0.18213] 
dtor     D               dtor.c:196  _al_register_destructor          [   0.18220] added dtor for sample_instance 000001AE589DC870, func 00007FFB7E23115E
audio    D          kcm_mixer.c:121  _al_rechannel_matrix             [   0.18240] sample matrix:
audio    D          kcm_mixer.c:127  _al_rechannel_matrix             [   0.18246] 
audio    D          kcm_mixer.c:127  _al_rechannel_matrix             [   0.18252] 
dtor     D               dtor.c:196  _al_register_destructor          [   0.18258] added dtor for sample_instance 000001AE589EA150, func 00007FFB7E23115E
audio    D          kcm_mixer.c:121  _al_rechannel_matrix             [   0.18265] sample matrix:
audio    D          kcm_mixer.c:127  _al_rechannel_matrix             [   0.18270] 
audio    D          kcm_mixer.c:127  _al_rechannel_matrix             [   0.18275] 
